<?xml version="1.0" encoding="UTF-8"?>
<!-- Generated by org.testng.reporters.JUnitReportReporter -->
<testsuite hostname="DESKTOP-GTSM8RN" failures="0" tests="1" name="Testcase.login" time="26.180" errors="0" timestamp="2023-01-17T15:24:18 IST" skipped="0">
  <testcase classname="Testcase.login" name="Login" time="26.180"/>
  <system-out/>
</testsuite> <!-- Testcase.login -->
